android/app/build/intermediates/manifest_merge_blame_file/release/processReleaseMainManifest/manifest-merger-blame-release-report.txt
1<?xml version="1.0" encoding="utf-8"?>
2<manifest xmlns:android="http://schemas.android.com/apk/res/android"
3    package="com.spark.cesar"
4    android:versionCode="550"
5    android:versionName="1.0.550" >
6
7    <uses-sdk
8        android:minSdkVersion="26"
9        android:targetSdkVersion="35" />
10
11    <uses-permission android:name="android.permission.INTERNET" />
11-->src\main\AndroidManifest.xml:4:5-66
11-->src\main\AndroidManifest.xml:4:22-64
12
13    <queries>
13-->src\main\AndroidManifest.xml:6:5-11:15
14        <intent>
14-->src\main\AndroidManifest.xml:7:9-10:18
15            <action android:name="android.intent.action.SENDTO" />
15-->src\main\AndroidManifest.xml:8:13-67
15-->src\main\AndroidManifest.xml:8:21-64
16
17            <data android:scheme="mailto" />
17-->src\main\AndroidManifest.xml:9:13-45
17-->src\main\AndroidManifest.xml:9:19-42
18        </intent>
19    </queries>
20
21    <!-- Provide required visibility configuration for API level 30 and above -->
22    <queries>
22-->src\main\AndroidManifest.xml:6:5-11:15
23
24        <!-- If your app checks for SMS support -->
25        <intent>
25-->src\main\AndroidManifest.xml:16:9-19:18
26            <action android:name="android.intent.action.VIEW" />
26-->src\main\AndroidManifest.xml:17:13-65
26-->src\main\AndroidManifest.xml:17:21-62
27
28            <data android:scheme="sms" />
28-->src\main\AndroidManifest.xml:9:13-45
28-->src\main\AndroidManifest.xml:9:19-42
29        </intent>
30        <!-- If your app checks for call support -->
31        <intent>
31-->src\main\AndroidManifest.xml:21:9-24:18
32            <action android:name="android.intent.action.VIEW" />
32-->src\main\AndroidManifest.xml:17:13-65
32-->src\main\AndroidManifest.xml:17:21-62
33
34            <data android:scheme="tel" />
34-->src\main\AndroidManifest.xml:9:13-45
34-->src\main\AndroidManifest.xml:9:19-42
35        </intent>
36        <!-- If your application checks for inAppBrowserView launch mode support -->
37        <intent>
37-->src\main\AndroidManifest.xml:26:9-28:18
38            <action android:name="android.support.customtabs.action.CustomTabsService" />
38-->src\main\AndroidManifest.xml:27:13-90
38-->src\main\AndroidManifest.xml:27:21-87
39        </intent>
40    </queries>
41
42    <permission
42-->[androidx.core:core:1.13.1] AndroidManifest.xml:22:5-24:47
43        android:name="com.spark.cesar.DYNAMIC_RECEIVER_NOT_EXPORTED_PERMISSION"
43-->[androidx.core:core:1.13.1] AndroidManifest.xml:23:9-81
44        android:protectionLevel="signature" />
44-->[androidx.core:core:1.13.1] AndroidManifest.xml:24:9-44
45
46    <uses-permission android:name="com.spark.cesar.DYNAMIC_RECEIVER_NOT_EXPORTED_PERMISSION" />
46-->[androidx.core:core:1.13.1] AndroidManifest.xml:26:5-97
46-->[androidx.core:core:1.13.1] AndroidManifest.xml:26:22-94
47
48    <application
49        android:name="android.app.Application"
49-->src\main\AndroidManifest.xml:33:9-42
50        android:appComponentFactory="androidx.core.app.CoreComponentFactory"
50-->[androidx.core:core:1.13.1] AndroidManifest.xml:28:18-86
51        android:extractNativeLibs="false"
52        android:icon="@mipmap/ic_launcher"
52-->src\main\AndroidManifest.xml:34:9-43
53        android:label="سيزر" >
53-->src\main\AndroidManifest.xml:32:9-29
54        <activity
54-->src\main\AndroidManifest.xml:35:9-55:20
55            android:name="com.spark.cesar.MainActivity"
55-->src\main\AndroidManifest.xml:36:13-41
56            android:configChanges="orientation|keyboardHidden|keyboard|screenSize|smallestScreenSize|locale|layoutDirection|fontScale|screenLayout|density|uiMode"
56-->src\main\AndroidManifest.xml:40:13-163
57            android:exported="true"
57-->src\main\AndroidManifest.xml:37:13-36
58            android:hardwareAccelerated="true"
58-->src\main\AndroidManifest.xml:41:13-47
59            android:launchMode="singleTop"
59-->src\main\AndroidManifest.xml:38:13-43
60            android:theme="@style/LaunchTheme"
60-->src\main\AndroidManifest.xml:39:13-47
61            android:windowSoftInputMode="adjustResize" >
61-->src\main\AndroidManifest.xml:42:13-55
62
63            <!--
64                 Specifies an Android theme to apply to this Activity as soon as
65                 the Android process has started. This theme is visible to the user
66                 while the Flutter UI initializes. After that, this theme continues
67                 to determine the Window background behind the Flutter UI.
68            -->
69            <meta-data
69-->src\main\AndroidManifest.xml:47:13-50:17
70                android:name="io.flutter.embedding.android.NormalTheme"
70-->src\main\AndroidManifest.xml:48:15-70
71                android:resource="@style/NormalTheme" />
71-->src\main\AndroidManifest.xml:49:15-52
72
73            <intent-filter>
73-->src\main\AndroidManifest.xml:51:13-54:29
74                <action android:name="android.intent.action.MAIN" />
74-->src\main\AndroidManifest.xml:52:17-68
74-->src\main\AndroidManifest.xml:52:25-66
75
76                <category android:name="android.intent.category.LAUNCHER" />
76-->src\main\AndroidManifest.xml:53:17-76
76-->src\main\AndroidManifest.xml:53:27-74
77            </intent-filter>
78        </activity>
79        <!--
80             Don't delete the meta-data below.
81             This is used by the Flutter tool to generate GeneratedPluginRegistrant.java
82        -->
83        <meta-data
83-->src\main\AndroidManifest.xml:58:9-60:33
84            android:name="flutterEmbedding"
84-->src\main\AndroidManifest.xml:59:13-44
85            android:value="2" />
85-->src\main\AndroidManifest.xml:60:13-30
86
87        <provider
87-->[:image_picker_android] AndroidManifest.xml:9:9-17:20
88            android:name="io.flutter.plugins.imagepicker.ImagePickerFileProvider"
88-->[:image_picker_android] AndroidManifest.xml:10:13-82
89            android:authorities="com.spark.cesar.flutter.image_provider"
89-->[:image_picker_android] AndroidManifest.xml:11:13-74
90            android:exported="false"
90-->[:image_picker_android] AndroidManifest.xml:12:13-37
91            android:grantUriPermissions="true" >
91-->[:image_picker_android] AndroidManifest.xml:13:13-47
92            <meta-data
92-->[:image_picker_android] AndroidManifest.xml:14:13-16:75
93                android:name="android.support.FILE_PROVIDER_PATHS"
93-->[:image_picker_android] AndroidManifest.xml:15:17-67
94                android:resource="@xml/flutter_image_picker_file_paths" />
94-->[:image_picker_android] AndroidManifest.xml:16:17-72
95        </provider> <!-- Trigger Google Play services to install the backported photo picker module. -->
96        <service
96-->[:image_picker_android] AndroidManifest.xml:19:9-31:19
97            android:name="com.google.android.gms.metadata.ModuleDependencies"
97-->[:image_picker_android] AndroidManifest.xml:20:13-78
98            android:enabled="false"
98-->[:image_picker_android] AndroidManifest.xml:21:13-36
99            android:exported="false" >
99-->[:image_picker_android] AndroidManifest.xml:22:13-37
100            <intent-filter>
100-->[:image_picker_android] AndroidManifest.xml:24:13-26:29
101                <action android:name="com.google.android.gms.metadata.MODULE_DEPENDENCIES" />
101-->[:image_picker_android] AndroidManifest.xml:25:17-94
101-->[:image_picker_android] AndroidManifest.xml:25:25-91
102            </intent-filter>
103
104            <meta-data
104-->[:image_picker_android] AndroidManifest.xml:28:13-30:36
105                android:name="photopicker_activity:0:required"
105-->[:image_picker_android] AndroidManifest.xml:29:17-63
106                android:value="" />
106-->[:image_picker_android] AndroidManifest.xml:30:17-33
107        </service>
108
109        <activity
109-->[:url_launcher_android] AndroidManifest.xml:8:9-11:74
110            android:name="io.flutter.plugins.urllauncher.WebViewActivity"
110-->[:url_launcher_android] AndroidManifest.xml:9:13-74
111            android:exported="false"
111-->[:url_launcher_android] AndroidManifest.xml:10:13-37
112            android:theme="@android:style/Theme.NoTitleBar.Fullscreen" />
112-->[:url_launcher_android] AndroidManifest.xml:11:13-71
113
114        <uses-library
114-->[androidx.window:window:1.2.0] AndroidManifest.xml:23:9-25:40
115            android:name="androidx.window.extensions"
115-->[androidx.window:window:1.2.0] AndroidManifest.xml:24:13-54
116            android:required="false" />
116-->[androidx.window:window:1.2.0] AndroidManifest.xml:25:13-37
117        <uses-library
117-->[androidx.window:window:1.2.0] AndroidManifest.xml:26:9-28:40
118            android:name="androidx.window.sidecar"
118-->[androidx.window:window:1.2.0] AndroidManifest.xml:27:13-51
119            android:required="false" />
119-->[androidx.window:window:1.2.0] AndroidManifest.xml:28:13-37
120
121        <provider
121-->[androidx.lifecycle:lifecycle-process:2.7.0] AndroidManifest.xml:24:9-32:20
122            android:name="androidx.startup.InitializationProvider"
122-->[androidx.lifecycle:lifecycle-process:2.7.0] AndroidManifest.xml:25:13-67
123            android:authorities="com.spark.cesar.androidx-startup"
123-->[androidx.lifecycle:lifecycle-process:2.7.0] AndroidManifest.xml:26:13-68
124            android:exported="false" >
124-->[androidx.lifecycle:lifecycle-process:2.7.0] AndroidManifest.xml:27:13-37
125            <meta-data
125-->[androidx.lifecycle:lifecycle-process:2.7.0] AndroidManifest.xml:29:13-31:52
126                android:name="androidx.lifecycle.ProcessLifecycleInitializer"
126-->[androidx.lifecycle:lifecycle-process:2.7.0] AndroidManifest.xml:30:17-78
127                android:value="androidx.startup" />
127-->[androidx.lifecycle:lifecycle-process:2.7.0] AndroidManifest.xml:31:17-49
128            <meta-data
128-->[androidx.profileinstaller:profileinstaller:1.3.1] AndroidManifest.xml:29:13-31:52
129                android:name="androidx.profileinstaller.ProfileInstallerInitializer"
129-->[androidx.profileinstaller:profileinstaller:1.3.1] AndroidManifest.xml:30:17-85
130                android:value="androidx.startup" />
130-->[androidx.profileinstaller:profileinstaller:1.3.1] AndroidManifest.xml:31:17-49
131        </provider>
132
133        <receiver
133-->[androidx.profileinstaller:profileinstaller:1.3.1] AndroidManifest.xml:34:9-52:20
134            android:name="androidx.profileinstaller.ProfileInstallReceiver"
134-->[androidx.profileinstaller:profileinstaller:1.3.1] AndroidManifest.xml:35:13-76
135            android:directBootAware="false"
135-->[androidx.profileinstaller:profileinstaller:1.3.1] AndroidManifest.xml:36:13-44
136            android:enabled="true"
136-->[androidx.profileinstaller:profileinstaller:1.3.1] AndroidManifest.xml:37:13-35
137            android:exported="true"
137-->[androidx.profileinstaller:profileinstaller:1.3.1] AndroidManifest.xml:38:13-36
138            android:permission="android.permission.DUMP" >
138-->[androidx.profileinstaller:profileinstaller:1.3.1] AndroidManifest.xml:39:13-57
139            <intent-filter>
139-->[androidx.profileinstaller:profileinstaller:1.3.1] AndroidManifest.xml:40:13-42:29
140                <action android:name="androidx.profileinstaller.action.INSTALL_PROFILE" />
140-->[androidx.profileinstaller:profileinstaller:1.3.1] AndroidManifest.xml:41:17-91
140-->[androidx.profileinstaller:profileinstaller:1.3.1] AndroidManifest.xml:41:25-88
141            </intent-filter>
142            <intent-filter>
142-->[androidx.profileinstaller:profileinstaller:1.3.1] AndroidManifest.xml:43:13-45:29
143                <action android:name="androidx.profileinstaller.action.SKIP_FILE" />
143-->[androidx.profileinstaller:profileinstaller:1.3.1] AndroidManifest.xml:44:17-85
143-->[androidx.profileinstaller:profileinstaller:1.3.1] AndroidManifest.xml:44:25-82
144            </intent-filter>
145            <intent-filter>
145-->[androidx.profileinstaller:profileinstaller:1.3.1] AndroidManifest.xml:46:13-48:29
146                <action android:name="androidx.profileinstaller.action.SAVE_PROFILE" />
146-->[androidx.profileinstaller:profileinstaller:1.3.1] AndroidManifest.xml:47:17-88
146-->[androidx.profileinstaller:profileinstaller:1.3.1] AndroidManifest.xml:47:25-85
147            </intent-filter>
148            <intent-filter>
148-->[androidx.profileinstaller:profileinstaller:1.3.1] AndroidManifest.xml:49:13-51:29
149                <action android:name="androidx.profileinstaller.action.BENCHMARK_OPERATION" />
149-->[androidx.profileinstaller:profileinstaller:1.3.1] AndroidManifest.xml:50:17-95
149-->[androidx.profileinstaller:profileinstaller:1.3.1] AndroidManifest.xml:50:25-92
150            </intent-filter>
151        </receiver>
152    </application>
153
154</manifest>